timestamp: 2018-10-18T11:16:06.892119
CREATE TABLE "auth_user"(
    "id" INTEGER PRIMARY KEY AUTOINCREMENT,
    "first_name" CHAR(128),
    "last_name" CHAR(128),
    "email" CHAR(512),
    "password" CHAR(512),
    "registration_key" CHAR(512),
    "reset_password_key" CHAR(512),
    "registration_id" CHAR(512)
);
success!
timestamp: 2018-10-18T11:16:06.973916
CREATE TABLE "auth_group"(
    "id" INTEGER PRIMARY KEY AUTOINCREMENT,
    "role" CHAR(512),
    "description" TEXT
);
success!
timestamp: 2018-10-18T11:16:07.002924
CREATE TABLE "auth_membership"(
    "id" INTEGER PRIMARY KEY AUTOINCREMENT,
    "user_id" INTEGER REFERENCES "auth_user" ("id") ON DELETE CASCADE  ,
    "group_id" INTEGER REFERENCES "auth_group" ("id") ON DELETE CASCADE  
);
success!
timestamp: 2018-10-18T11:16:07.035115
CREATE TABLE "auth_permission"(
    "id" INTEGER PRIMARY KEY AUTOINCREMENT,
    "group_id" INTEGER REFERENCES "auth_group" ("id") ON DELETE CASCADE  ,
    "name" CHAR(512),
    "table_name" CHAR(512),
    "record_id" INTEGER
);
success!
timestamp: 2018-10-18T11:16:07.080150
CREATE TABLE "auth_event"(
    "id" INTEGER PRIMARY KEY AUTOINCREMENT,
    "time_stamp" TIMESTAMP,
    "client_ip" CHAR(512),
    "user_id" INTEGER REFERENCES "auth_user" ("id") ON DELETE CASCADE  ,
    "origin" CHAR(512),
    "description" TEXT
);
success!
timestamp: 2018-10-18T11:16:07.122185
CREATE TABLE "auth_cas"(
    "id" INTEGER PRIMARY KEY AUTOINCREMENT,
    "user_id" INTEGER REFERENCES "auth_user" ("id") ON DELETE CASCADE  ,
    "created_on" TIMESTAMP,
    "service" CHAR(512),
    "ticket" CHAR(512),
    "renew" CHAR(1)
);
success!
timestamp: 2018-10-18T11:33:21.974237
CREATE TABLE "Users"(
    "id" INTEGER PRIMARY KEY AUTOINCREMENT,
    "myfield" CHAR(512)
);
success!
timestamp: 2018-10-18T11:35:50.706620
CREATE TABLE "Critical_Issue_Levels"(
    "id" INTEGER PRIMARY KEY AUTOINCREMENT,
    "myfield" CHAR(512)
);
success!
timestamp: 2018-10-18T11:35:50.712664
CREATE TABLE "Permissions"(
    "id" INTEGER PRIMARY KEY AUTOINCREMENT,
    "myfield" CHAR(512)
);
success!
timestamp: 2018-10-18T11:35:50.718872
CREATE TABLE "Ticket_Primary_Table"(
    "id" INTEGER PRIMARY KEY AUTOINCREMENT,
    "myfield" CHAR(512)
);
success!
timestamp: 2018-10-18T11:35:50.724778
CREATE TABLE "Application_Ticket"(
    "id" INTEGER PRIMARY KEY AUTOINCREMENT,
    "myfield" CHAR(512)
);
success!
timestamp: 2018-10-18T11:35:50.732312
CREATE TABLE "Resolution_Groups"(
    "id" INTEGER PRIMARY KEY AUTOINCREMENT,
    "myfield" CHAR(512)
);
success!
